{"level":"error","message":"(endpoints\\authentication\\AuthenticationService.js:38) Password or user ID are invalid"}
{"level":"error","message":"(endpoints\\authentication\\AuthenticationService.js:38) Password or user ID are invalid"}
{"level":"error","message":"(endpoints\\authentication\\AuthenticationService.js:38) Password or user ID are invalid"}
{"level":"error","message":"(endpoints\\authentication\\AuthenticationService.js:38) Password or user ID are invalid"}
{"level":"error","message":"(endpoints\\authentication\\AuthenticationService.js:38) Password or user ID are invalid"}
{"level":"error","message":"(endpoints\\authentication\\AuthenticationService.js:38) Password or user ID are invalid"}
{"level":"error","message":"(endpoints\\authentication\\AuthenticationService.js:38) Password or user ID are invalid"}
{"level":"error","message":"(endpoints\\authentication\\AuthenticationService.js:38) Password or user ID are invalid"}
{"level":"error","message":"(endpoints\\authentication\\AuthenticationService.js:38) Password or user ID are invalid"}
{"level":"error","message":"(endpoints\\authentication\\AuthenticationService.js:38) Password or user ID are invalid"}
{"level":"error","message":"(endpoints\\authentication\\AuthenticationService.js:38) Password or user ID are invalid"}
{"level":"error","message":"(endpoints\\authentication\\AuthenticationService.js:38) Password or user ID are invalid"}
{"level":"error","message":"(endpoints\\authentication\\AuthenticationService.js:38) Password or user ID are invalid"}
{"level":"error","message":"(endpoints\\authentication\\AuthenticationService.js:38) Password or user ID are invalid"}
{"level":"error","message":"(endpoints\\authentication\\AuthenticationService.js:38) Password or user ID are invalid"}
{"level":"error","message":"(endpoints\\authentication\\AuthenticationService.js:38) Password or user ID are invalid"}
{"level":"error","message":"(endpoints\\authentication\\AuthenticationService.js:37) Password or user ID are invalid"}
{"level":"error","message":"(endpoints\\authentication\\AuthenticationService.js:37) Password or user ID are invalid"}
{"level":"error","message":"(endpoints\\authentication\\AuthenticationService.js:38) Password or user ID are invalid"}
{"level":"error","message":"(endpoints\\authentication\\AuthenticationService.js:38) Password or user ID are invalid"}
{"level":"error","message":"(endpoints\\authentication\\AuthenticationService.js:38) Password or user ID are invalid"}
{"level":"error","message":"(endpoints\\authentication\\AuthenticationService.js:38) Password or user ID are invalid"}
{"level":"error","message":"(endpoints\\authentication\\AuthenticationService.js:38) Password or user ID are invalid"}
{"level":"error","message":"(endpoints\\authentication\\AuthenticationService.js:17) Authentication is failed."}
{"level":"error","message":"(endpoints\\authentication\\AuthenticationService.js:17) Authentication is failed."}
{"level":"error","message":"(utils\\AuthenticationUtils:14) Authentication Token ist nicht gefunden."}
{"level":"error","message":"(endpoints\\authentication\\AuthenticationService.js:17) Authentication is failed."}
{"level":"error","message":"(utils\\AuthenticationUtils:14) Authentication Token ist nicht gefunden."}
{"level":"error","message":"(utils\\AuthenticationUtils:26) invalid signature","name":"JsonWebTokenError","stack":"JsonWebTokenError: invalid signature\n    at C:\\Users\\Sofya\\Documents\\Sofya\\Studium\\sem4\\we2\\basicStart\\node_modules\\jsonwebtoken\\verify.js:133:19\n    at getSecret (C:\\Users\\Sofya\\Documents\\Sofya\\Studium\\sem4\\we2\\basicStart\\node_modules\\jsonwebtoken\\verify.js:90:14)\n    at Object.module.exports [as verify] (C:\\Users\\Sofya\\Documents\\Sofya\\Studium\\sem4\\we2\\basicStart\\node_modules\\jsonwebtoken\\verify.js:94:10)\n    at authenticateToken (C:\\Users\\Sofya\\Documents\\Sofya\\Studium\\sem4\\we2\\basicStart\\utils\\AuthenticationUtils:20:27)\n    at Layer.handle [as handle_request] (C:\\Users\\Sofya\\Documents\\Sofya\\Studium\\sem4\\we2\\basicStart\\node_modules\\express\\lib\\router\\layer.js:95:5)\n    at next (C:\\Users\\Sofya\\Documents\\Sofya\\Studium\\sem4\\we2\\basicStart\\node_modules\\express\\lib\\router\\route.js:137:13)\n    at Route.dispatch (C:\\Users\\Sofya\\Documents\\Sofya\\Studium\\sem4\\we2\\basicStart\\node_modules\\express\\lib\\router\\route.js:112:3)\n    at Layer.handle [as handle_request] (C:\\Users\\Sofya\\Documents\\Sofya\\Studium\\sem4\\we2\\basicStart\\node_modules\\express\\lib\\router\\layer.js:95:5)\n    at C:\\Users\\Sofya\\Documents\\Sofya\\Studium\\sem4\\we2\\basicStart\\node_modules\\express\\lib\\router\\index.js:281:22\n    at Function.process_params (C:\\Users\\Sofya\\Documents\\Sofya\\Studium\\sem4\\we2\\basicStart\\node_modules\\express\\lib\\router\\index.js:341:12)"}
{"level":"error","message":"(utils\\AuthenticationUtils:14) Authentication Token ist nicht gefunden."}
{"level":"error","message":"(utils\\AuthenticationUtils:14) Authentication Token ist nicht gefunden."}
{"level":"error","message":"(utils\\AuthenticationUtils:14) Authentication Token ist nicht gefunden."}
{"level":"error","message":"(utils\\AuthenticationUtils:14) Authentication Token ist nicht gefunden."}
{"level":"error","message":"(utils\\AuthenticationUtils:14) Authentication Token ist nicht gefunden."}
{"level":"error","message":"(endpoints\\authentication\\AuthenticationService.js:17) Authentication is failed."}
{"level":"error","message":"(utils\\AuthenticationUtils:14) Authentication Token ist nicht gefunden."}
{"level":"error","message":"(utils\\AuthenticationUtils:18) Authentication Token ist nicht gefunden."}
{"level":"error","message":"(utils\\AuthenticationUtils:18) Authentication Token ist nicht gefunden."}
{"level":"error","message":"(utils\\AuthenticationUtils:18) Authentication Token ist nicht gefunden."}
{"level":"error","message":"(utils\\AuthenticationUtils:18) Authentication Token ist nicht gefunden."}
{"level":"error","message":"(utils\\AuthenticationUtils:18) Authentication Token ist nicht gefunden."}
{"level":"error","message":"(endpoints\\authentication\\AuthenticationService.js:17) Authentication is failed."}
{"level":"error","message":"(utils\\AuthenticationUtils:30) invalid signature","name":"JsonWebTokenError","stack":"JsonWebTokenError: invalid signature\n    at C:\\Users\\Sofya\\Documents\\Sofya\\Studium\\sem4\\we2\\basicStart\\node_modules\\jsonwebtoken\\verify.js:133:19\n    at getSecret (C:\\Users\\Sofya\\Documents\\Sofya\\Studium\\sem4\\we2\\basicStart\\node_modules\\jsonwebtoken\\verify.js:90:14)\n    at Object.module.exports [as verify] (C:\\Users\\Sofya\\Documents\\Sofya\\Studium\\sem4\\we2\\basicStart\\node_modules\\jsonwebtoken\\verify.js:94:10)\n    at authenticateToken (C:\\Users\\Sofya\\Documents\\Sofya\\Studium\\sem4\\we2\\basicStart\\utils\\AuthenticationUtils:24:27)\n    at Layer.handle [as handle_request] (C:\\Users\\Sofya\\Documents\\Sofya\\Studium\\sem4\\we2\\basicStart\\node_modules\\express\\lib\\router\\layer.js:95:5)\n    at next (C:\\Users\\Sofya\\Documents\\Sofya\\Studium\\sem4\\we2\\basicStart\\node_modules\\express\\lib\\router\\route.js:137:13)\n    at Route.dispatch (C:\\Users\\Sofya\\Documents\\Sofya\\Studium\\sem4\\we2\\basicStart\\node_modules\\express\\lib\\router\\route.js:112:3)\n    at Layer.handle [as handle_request] (C:\\Users\\Sofya\\Documents\\Sofya\\Studium\\sem4\\we2\\basicStart\\node_modules\\express\\lib\\router\\layer.js:95:5)\n    at C:\\Users\\Sofya\\Documents\\Sofya\\Studium\\sem4\\we2\\basicStart\\node_modules\\express\\lib\\router\\index.js:281:22\n    at Function.process_params (C:\\Users\\Sofya\\Documents\\Sofya\\Studium\\sem4\\we2\\basicStart\\node_modules\\express\\lib\\router\\index.js:341:12)"}
{"level":"error","message":"(utils\\AuthenticationUtils:18) Authentication Token ist nicht gefunden."}
{"level":"error","message":"(utils\\AuthenticationUtils:18) Authentication Token ist nicht gefunden."}
{"level":"error","message":"(utils\\AuthenticationUtils:18) Authentication Token ist nicht gefunden."}
{"level":"error","message":"(utils\\AuthenticationUtils:30) jwt malformed","name":"JsonWebTokenError","stack":"JsonWebTokenError: jwt malformed\n    at Object.module.exports [as verify] (C:\\Users\\Sofya\\Documents\\Sofya\\Studium\\sem4\\we2\\basicStart\\node_modules\\jsonwebtoken\\verify.js:63:17)\n    at authenticateToken (C:\\Users\\Sofya\\Documents\\Sofya\\Studium\\sem4\\we2\\basicStart\\utils\\AuthenticationUtils:24:27)\n    at Layer.handle [as handle_request] (C:\\Users\\Sofya\\Documents\\Sofya\\Studium\\sem4\\we2\\basicStart\\node_modules\\express\\lib\\router\\layer.js:95:5)\n    at next (C:\\Users\\Sofya\\Documents\\Sofya\\Studium\\sem4\\we2\\basicStart\\node_modules\\express\\lib\\router\\route.js:137:13)\n    at Route.dispatch (C:\\Users\\Sofya\\Documents\\Sofya\\Studium\\sem4\\we2\\basicStart\\node_modules\\express\\lib\\router\\route.js:112:3)\n    at Layer.handle [as handle_request] (C:\\Users\\Sofya\\Documents\\Sofya\\Studium\\sem4\\we2\\basicStart\\node_modules\\express\\lib\\router\\layer.js:95:5)\n    at C:\\Users\\Sofya\\Documents\\Sofya\\Studium\\sem4\\we2\\basicStart\\node_modules\\express\\lib\\router\\index.js:281:22\n    at Function.process_params (C:\\Users\\Sofya\\Documents\\Sofya\\Studium\\sem4\\we2\\basicStart\\node_modules\\express\\lib\\router\\index.js:341:12)\n    at next (C:\\Users\\Sofya\\Documents\\Sofya\\Studium\\sem4\\we2\\basicStart\\node_modules\\express\\lib\\router\\index.js:275:10)\n    at Function.handle (C:\\Users\\Sofya\\Documents\\Sofya\\Studium\\sem4\\we2\\basicStart\\node_modules\\express\\lib\\router\\index.js:174:3)\n    at Server.router (C:\\Users\\Sofya\\Documents\\Sofya\\Studium\\sem4\\we2\\basicStart\\node_modules\\express\\lib\\router\\index.js:47:12)\n    at Server.emit (node:events:520:28)\n    at parserOnIncoming (node:_http_server:951:12)\n    at HTTPParser.parserOnHeadersComplete (node:_http_common:128:17)"}
{"level":"error","message":"(utils\\AuthenticationUtils:30) jwt malformed","name":"JsonWebTokenError","stack":"JsonWebTokenError: jwt malformed\n    at Object.module.exports [as verify] (C:\\Users\\Sofya\\Documents\\Sofya\\Studium\\sem4\\we2\\basicStart\\node_modules\\jsonwebtoken\\verify.js:63:17)\n    at authenticateToken (C:\\Users\\Sofya\\Documents\\Sofya\\Studium\\sem4\\we2\\basicStart\\utils\\AuthenticationUtils:24:27)\n    at Layer.handle [as handle_request] (C:\\Users\\Sofya\\Documents\\Sofya\\Studium\\sem4\\we2\\basicStart\\node_modules\\express\\lib\\router\\layer.js:95:5)\n    at next (C:\\Users\\Sofya\\Documents\\Sofya\\Studium\\sem4\\we2\\basicStart\\node_modules\\express\\lib\\router\\route.js:137:13)\n    at Route.dispatch (C:\\Users\\Sofya\\Documents\\Sofya\\Studium\\sem4\\we2\\basicStart\\node_modules\\express\\lib\\router\\route.js:112:3)\n    at Layer.handle [as handle_request] (C:\\Users\\Sofya\\Documents\\Sofya\\Studium\\sem4\\we2\\basicStart\\node_modules\\express\\lib\\router\\layer.js:95:5)\n    at C:\\Users\\Sofya\\Documents\\Sofya\\Studium\\sem4\\we2\\basicStart\\node_modules\\express\\lib\\router\\index.js:281:22\n    at Function.process_params (C:\\Users\\Sofya\\Documents\\Sofya\\Studium\\sem4\\we2\\basicStart\\node_modules\\express\\lib\\router\\index.js:341:12)\n    at next (C:\\Users\\Sofya\\Documents\\Sofya\\Studium\\sem4\\we2\\basicStart\\node_modules\\express\\lib\\router\\index.js:275:10)\n    at Function.handle (C:\\Users\\Sofya\\Documents\\Sofya\\Studium\\sem4\\we2\\basicStart\\node_modules\\express\\lib\\router\\index.js:174:3)\n    at Server.router (C:\\Users\\Sofya\\Documents\\Sofya\\Studium\\sem4\\we2\\basicStart\\node_modules\\express\\lib\\router\\index.js:47:12)\n    at Server.emit (node:events:520:28)\n    at parserOnIncoming (node:_http_server:951:12)\n    at HTTPParser.parserOnHeadersComplete (node:_http_common:128:17)"}
{"level":"error","message":"(utils\\AuthenticationUtils:30) jwt malformed","name":"JsonWebTokenError","stack":"JsonWebTokenError: jwt malformed\n    at Object.module.exports [as verify] (C:\\Users\\Sofya\\Documents\\Sofya\\Studium\\sem4\\we2\\basicStart\\node_modules\\jsonwebtoken\\verify.js:63:17)\n    at authenticateToken (C:\\Users\\Sofya\\Documents\\Sofya\\Studium\\sem4\\we2\\basicStart\\utils\\AuthenticationUtils:24:27)\n    at Layer.handle [as handle_request] (C:\\Users\\Sofya\\Documents\\Sofya\\Studium\\sem4\\we2\\basicStart\\node_modules\\express\\lib\\router\\layer.js:95:5)\n    at next (C:\\Users\\Sofya\\Documents\\Sofya\\Studium\\sem4\\we2\\basicStart\\node_modules\\express\\lib\\router\\route.js:137:13)\n    at Route.dispatch (C:\\Users\\Sofya\\Documents\\Sofya\\Studium\\sem4\\we2\\basicStart\\node_modules\\express\\lib\\router\\route.js:112:3)\n    at Layer.handle [as handle_request] (C:\\Users\\Sofya\\Documents\\Sofya\\Studium\\sem4\\we2\\basicStart\\node_modules\\express\\lib\\router\\layer.js:95:5)\n    at C:\\Users\\Sofya\\Documents\\Sofya\\Studium\\sem4\\we2\\basicStart\\node_modules\\express\\lib\\router\\index.js:281:22\n    at Function.process_params (C:\\Users\\Sofya\\Documents\\Sofya\\Studium\\sem4\\we2\\basicStart\\node_modules\\express\\lib\\router\\index.js:341:12)\n    at next (C:\\Users\\Sofya\\Documents\\Sofya\\Studium\\sem4\\we2\\basicStart\\node_modules\\express\\lib\\router\\index.js:275:10)\n    at Function.handle (C:\\Users\\Sofya\\Documents\\Sofya\\Studium\\sem4\\we2\\basicStart\\node_modules\\express\\lib\\router\\index.js:174:3)\n    at Server.router (C:\\Users\\Sofya\\Documents\\Sofya\\Studium\\sem4\\we2\\basicStart\\node_modules\\express\\lib\\router\\index.js:47:12)\n    at Server.emit (node:events:520:28)\n    at parserOnIncoming (node:_http_server:951:12)\n    at HTTPParser.parserOnHeadersComplete (node:_http_common:128:17)"}
{"level":"error","message":"(utils\\AuthenticationUtils:30) jwt malformed","name":"JsonWebTokenError","stack":"JsonWebTokenError: jwt malformed\n    at Object.module.exports [as verify] (C:\\Users\\Sofya\\Documents\\Sofya\\Studium\\sem4\\we2\\basicStart\\node_modules\\jsonwebtoken\\verify.js:63:17)\n    at authenticateToken (C:\\Users\\Sofya\\Documents\\Sofya\\Studium\\sem4\\we2\\basicStart\\utils\\AuthenticationUtils:24:27)\n    at Layer.handle [as handle_request] (C:\\Users\\Sofya\\Documents\\Sofya\\Studium\\sem4\\we2\\basicStart\\node_modules\\express\\lib\\router\\layer.js:95:5)\n    at next (C:\\Users\\Sofya\\Documents\\Sofya\\Studium\\sem4\\we2\\basicStart\\node_modules\\express\\lib\\router\\route.js:137:13)\n    at Route.dispatch (C:\\Users\\Sofya\\Documents\\Sofya\\Studium\\sem4\\we2\\basicStart\\node_modules\\express\\lib\\router\\route.js:112:3)\n    at Layer.handle [as handle_request] (C:\\Users\\Sofya\\Documents\\Sofya\\Studium\\sem4\\we2\\basicStart\\node_modules\\express\\lib\\router\\layer.js:95:5)\n    at C:\\Users\\Sofya\\Documents\\Sofya\\Studium\\sem4\\we2\\basicStart\\node_modules\\express\\lib\\router\\index.js:281:22\n    at Function.process_params (C:\\Users\\Sofya\\Documents\\Sofya\\Studium\\sem4\\we2\\basicStart\\node_modules\\express\\lib\\router\\index.js:341:12)\n    at next (C:\\Users\\Sofya\\Documents\\Sofya\\Studium\\sem4\\we2\\basicStart\\node_modules\\express\\lib\\router\\index.js:275:10)\n    at Function.handle (C:\\Users\\Sofya\\Documents\\Sofya\\Studium\\sem4\\we2\\basicStart\\node_modules\\express\\lib\\router\\index.js:174:3)\n    at Server.router (C:\\Users\\Sofya\\Documents\\Sofya\\Studium\\sem4\\we2\\basicStart\\node_modules\\express\\lib\\router\\index.js:47:12)\n    at Server.emit (node:events:520:28)\n    at parserOnIncoming (node:_http_server:951:12)\n    at HTTPParser.parserOnHeadersComplete (node:_http_common:128:17)"}
{"level":"error","message":"(utils\\AuthenticationUtils:30) jwt malformed","name":"JsonWebTokenError","stack":"JsonWebTokenError: jwt malformed\n    at Object.module.exports [as verify] (C:\\Users\\Sofya\\Documents\\Sofya\\Studium\\sem4\\we2\\basicStart\\node_modules\\jsonwebtoken\\verify.js:63:17)\n    at authenticateToken (C:\\Users\\Sofya\\Documents\\Sofya\\Studium\\sem4\\we2\\basicStart\\utils\\AuthenticationUtils:24:27)\n    at Layer.handle [as handle_request] (C:\\Users\\Sofya\\Documents\\Sofya\\Studium\\sem4\\we2\\basicStart\\node_modules\\express\\lib\\router\\layer.js:95:5)\n    at next (C:\\Users\\Sofya\\Documents\\Sofya\\Studium\\sem4\\we2\\basicStart\\node_modules\\express\\lib\\router\\route.js:137:13)\n    at Route.dispatch (C:\\Users\\Sofya\\Documents\\Sofya\\Studium\\sem4\\we2\\basicStart\\node_modules\\express\\lib\\router\\route.js:112:3)\n    at Layer.handle [as handle_request] (C:\\Users\\Sofya\\Documents\\Sofya\\Studium\\sem4\\we2\\basicStart\\node_modules\\express\\lib\\router\\layer.js:95:5)\n    at C:\\Users\\Sofya\\Documents\\Sofya\\Studium\\sem4\\we2\\basicStart\\node_modules\\express\\lib\\router\\index.js:281:22\n    at Function.process_params (C:\\Users\\Sofya\\Documents\\Sofya\\Studium\\sem4\\we2\\basicStart\\node_modules\\express\\lib\\router\\index.js:341:12)\n    at next (C:\\Users\\Sofya\\Documents\\Sofya\\Studium\\sem4\\we2\\basicStart\\node_modules\\express\\lib\\router\\index.js:275:10)\n    at Function.handle (C:\\Users\\Sofya\\Documents\\Sofya\\Studium\\sem4\\we2\\basicStart\\node_modules\\express\\lib\\router\\index.js:174:3)\n    at Server.router (C:\\Users\\Sofya\\Documents\\Sofya\\Studium\\sem4\\we2\\basicStart\\node_modules\\express\\lib\\router\\index.js:47:12)\n    at Server.emit (node:events:520:28)\n    at parserOnIncoming (node:_http_server:951:12)\n    at HTTPParser.parserOnHeadersComplete (node:_http_common:128:17)"}
{"level":"error","message":"(utils\\AuthenticationUtils:30) jwt malformed","name":"JsonWebTokenError","stack":"JsonWebTokenError: jwt malformed\n    at Object.module.exports [as verify] (C:\\Users\\Sofya\\Documents\\Sofya\\Studium\\sem4\\we2\\basicStart\\node_modules\\jsonwebtoken\\verify.js:63:17)\n    at authenticateToken (C:\\Users\\Sofya\\Documents\\Sofya\\Studium\\sem4\\we2\\basicStart\\utils\\AuthenticationUtils:24:27)\n    at Layer.handle [as handle_request] (C:\\Users\\Sofya\\Documents\\Sofya\\Studium\\sem4\\we2\\basicStart\\node_modules\\express\\lib\\router\\layer.js:95:5)\n    at next (C:\\Users\\Sofya\\Documents\\Sofya\\Studium\\sem4\\we2\\basicStart\\node_modules\\express\\lib\\router\\route.js:137:13)\n    at Route.dispatch (C:\\Users\\Sofya\\Documents\\Sofya\\Studium\\sem4\\we2\\basicStart\\node_modules\\express\\lib\\router\\route.js:112:3)\n    at Layer.handle [as handle_request] (C:\\Users\\Sofya\\Documents\\Sofya\\Studium\\sem4\\we2\\basicStart\\node_modules\\express\\lib\\router\\layer.js:95:5)\n    at C:\\Users\\Sofya\\Documents\\Sofya\\Studium\\sem4\\we2\\basicStart\\node_modules\\express\\lib\\router\\index.js:281:22\n    at Function.process_params (C:\\Users\\Sofya\\Documents\\Sofya\\Studium\\sem4\\we2\\basicStart\\node_modules\\express\\lib\\router\\index.js:341:12)\n    at next (C:\\Users\\Sofya\\Documents\\Sofya\\Studium\\sem4\\we2\\basicStart\\node_modules\\express\\lib\\router\\index.js:275:10)\n    at Function.handle (C:\\Users\\Sofya\\Documents\\Sofya\\Studium\\sem4\\we2\\basicStart\\node_modules\\express\\lib\\router\\index.js:174:3)\n    at Server.router (C:\\Users\\Sofya\\Documents\\Sofya\\Studium\\sem4\\we2\\basicStart\\node_modules\\express\\lib\\router\\index.js:47:12)\n    at Server.emit (node:events:520:28)\n    at parserOnIncoming (node:_http_server:951:12)\n    at HTTPParser.parserOnHeadersComplete (node:_http_common:128:17)"}
{"level":"error","message":"(utils\\AuthenticationUtils:30) JsonWebTokenError: jwt malformed Token: undefined"}
{"level":"error","message":"(utils\\AuthenticationUtils:30) JsonWebTokenError: jwt malformedToken: undefined"}
{"level":"error","message":"(utils\\AuthenticationUtils:30) JsonWebTokenError: jwt malformedToken: undefined"}
{"level":"error","message":"(utils\\AuthenticationUtils:30) JsonWebTokenError: jwt malformed Token: Bearer undefined"}
{"level":"error","message":"(utils\\AuthenticationUtils:30) JsonWebTokenError: jwt malformed Token: Bearer undefined"}
{"level":"error","message":"(utils\\AuthenticationUtils:30) JsonWebTokenError: jwt malformed Token: Bearer undefined"}
{"level":"error","message":"(utils\\AuthenticationUtils:30) JsonWebTokenError: jwt malformed Token: Bearer undefined, also undefined"}
{"level":"error","message":"(utils\\AuthenticationUtils:30) JsonWebTokenError: jwt malformed Token: Bearer undefined, also undefined"}
{"level":"error","message":"(utils\\AuthenticationUtils:30) JsonWebTokenError: jwt malformed Token: Bearer undefined, also undefined"}
{"level":"error","message":"(utils\\AuthenticationUtils:30) JsonWebTokenError: jwt malformed Token: Bearer undefined, also undefined"}
{"level":"error","message":"(utils\\AuthenticationUtils:30) JsonWebTokenError: jwt malformed Token: Bearer undefined, also undefined"}
{"level":"error","message":"(utils\\AuthenticationUtils:30) JsonWebTokenError: jwt malformed Token: Bearer undefined, also undefined"}
{"level":"error","message":"(utils\\AuthenticationUtils:30) JsonWebTokenError: jwt malformed Token: Bearer undefined, also undefined"}
{"level":"error","message":"(utils\\AuthenticationUtils:30) JsonWebTokenError: invalid signature Token: Bearer eyJhbGciOiJIUzI1NiIsInR5cCI6IkpXVCJ9.eyJ1c2VySUQiOiJhZG1pbiIsInVzZXJOYW1lIjoiRGVmYXVsdCBBZG1pbmlzdHJhdG9yIEFjY291bnQiLCJpc0FkbWluaXN0cmF0b3IiOnRydWUsImlhdCI6MTY1MjIyNjc2NywiZXhwIjoxNjUzODc5Mjk0MjAwfQ.5gAgYK5JqjkZEhU7edxGX1PDjRgV1a2eXvSoqOyl9BP, also eyJhbGciOiJIUzI1NiIsInR5cCI6IkpXVCJ9.eyJ1c2VySUQiOiJhZG1pbiIsInVzZXJOYW1lIjoiRGVmYXVsdCBBZG1pbmlzdHJhdG9yIEFjY291bnQiLCJpc0FkbWluaXN0cmF0b3IiOnRydWUsImlhdCI6MTY1MjIyNjc2NywiZXhwIjoxNjUzODc5Mjk0MjAwfQ.5gAgYK5JqjkZEhU7edxGX1PDjRgV1a2eXvSoqOyl9BP"}
{"level":"error","message":"(utils\\AuthenticationUtils:30) JsonWebTokenError: jwt malformed Token: Bearer undefined, also undefined"}
{"level":"error","message":"(utils\\AuthenticationUtils:30) JsonWebTokenError: jwt malformed Token: Bearer undefined, also undefined"}
{"level":"error","message":"(utils\\AuthenticationUtils:30) JsonWebTokenError: jwt malformed Token: Bearer undefined, also undefined"}
{"level":"error","message":"(utils\\AuthenticationUtils:30) JsonWebTokenError: jwt malformed Token: Bearer undefined, also undefined"}
{"level":"error","message":"(utils\\AuthenticationUtils:30) JsonWebTokenError: jwt malformed Token: Bearer undefined, also undefined"}
{"level":"error","message":"(utils\\AuthenticationUtils:30) JsonWebTokenError: jwt malformed Token: Bearer undefined, also undefined"}
{"level":"error","message":"(utils\\AuthenticationUtils:30) JsonWebTokenError: jwt malformed Token: Bearer undefined, also undefined"}
{"level":"error","message":"(utils\\AuthenticationUtils:30) JsonWebTokenError: jwt malformed Token: Bearer undefined, also undefined"}
{"level":"error","message":"(utils\\AuthenticationUtils:30) JsonWebTokenError: jwt malformed Token: Bearer undefined, also undefined"}
{"level":"error","message":"(utils\\AuthenticationUtils:30) JsonWebTokenError: jwt malformed Token: Bearer undefined, also undefined"}
{"level":"error","message":"(utils\\AuthenticationUtils:30) JsonWebTokenError: jwt malformed Token: Bearer undefined, also undefined"}
{"level":"error","message":"(utils\\AuthenticationUtils:30) JsonWebTokenError: jwt malformed Token: Bearer undefined, also undefined"}
{"level":"error","message":"(endpoints\\authentication\\AuthenticationService.js:17) Authentication is failed."}
